2026-04-18 12:28:45,567 | ERROR    | app:dispatch:21 - Request failed: POST /api/v1/auth/register - Error: Error 10061 connecting to localhost:6379. No connection could be made because the target machine actively refused it.
2026-04-18 12:28:45,587 | ERROR    | app:dispatch:24 - Traceback (most recent call last):
  File "C:\Users\ASHROCK\AppData\Local\Programs\Python\Python312\Lib\site-packages\anyio\streams\memory.py", line 98, in receive
    return self.receive_nowait()
           ^^^^^^^^^^^^^^^^^^^^^
  File "C:\Users\ASHROCK\AppData\Local\Programs\Python\Python312\Lib\site-packages\anyio\streams\memory.py", line 93, in receive_nowait
    raise WouldBlock
anyio.WouldBlock

During handling of the above exception, another exception occurred:

Traceback (most recent call last):
  File "C:\Users\ASHROCK\AppData\Local\Programs\Python\Python312\Lib\site-packages\starlette\middleware\base.py", line 159, in call_next
    message = await recv_stream.receive()
              ^^^^^^^^^^^^^^^^^^^^^^^^^^^
  File "C:\Users\ASHROCK\AppData\Local\Programs\Python\Python312\Lib\site-packages\anyio\streams\memory.py", line 118, in receive
    raise EndOfStream
anyio.EndOfStream

During handling of the above exception, another exception occurred:

Traceback (most recent call last):
  File "C:\Users\ASHROCK\Desktop\Micro-SaaS\backend\app\api\middleware.py", line 15, in dispatch
    response = await call_next(request)
               ^^^^^^^^^^^^^^^^^^^^^^^^
  File "C:\Users\ASHROCK\AppData\Local\Programs\Python\Python312\Lib\site-packages\starlette\middleware\base.py", line 165, in call_next
    raise app_exc
  File "C:\Users\ASHROCK\AppData\Local\Programs\Python\Python312\Lib\site-packages\starlette\middleware\base.py", line 151, in coro
    await self.app(scope, receive_or_disconnect, send_no_error)
  File "C:\Users\ASHROCK\AppData\Local\Programs\Python\Python312\Lib\site-packages\starlette\middleware\exceptions.py", line 62, in __call__
    await wrap_app_handling_exceptions(self.app, conn)(scope, receive, send)
  File "C:\Users\ASHROCK\AppData\Local\Programs\Python\Python312\Lib\site-packages\starlette\_exception_handler.py", line 64, in wrapped_app
    raise exc
  File "C:\Users\ASHROCK\AppData\Local\Programs\Python\Python312\Lib\site-packages\starlette\_exception_handler.py", line 53, in wrapped_app
    await app(scope, receive, sender)
  File "C:\Users\ASHROCK\AppData\Local\Programs\Python\Python312\Lib\site-packages\starlette\routing.py", line 758, in __call__
    await self.middleware_stack(scope, receive, send)
  File "C:\Users\ASHROCK\AppData\Local\Programs\Python\Python312\Lib\site-packages\starlette\routing.py", line 778, in app
    await route.handle(scope, receive, send)
  File "C:\Users\ASHROCK\AppData\Local\Programs\Python\Python312\Lib\site-packages\starlette\routing.py", line 299, in handle
    await self.app(scope, receive, send)
  File "C:\Users\ASHROCK\AppData\Local\Programs\Python\Python312\Lib\site-packages\starlette\routing.py", line 79, in app
    await wrap_app_handling_exceptions(app, request)(scope, receive, send)
  File "C:\Users\ASHROCK\AppData\Local\Programs\Python\Python312\Lib\site-packages\starlette\_exception_handler.py", line 64, in wrapped_app
    raise exc
  File "C:\Users\ASHROCK\AppData\Local\Programs\Python\Python312\Lib\site-packages\starlette\_exception_handler.py", line 53, in wrapped_app
    await app(scope, receive, sender)
  File "C:\Users\ASHROCK\AppData\Local\Programs\Python\Python312\Lib\site-packages\starlette\routing.py", line 74, in app
    response = await func(request)
               ^^^^^^^^^^^^^^^^^^^
  File "C:\Users\ASHROCK\AppData\Local\Programs\Python\Python312\Lib\site-packages\fastapi\routing.py", line 278, in app
    raw_response = await run_endpoint_function(
                   ^^^^^^^^^^^^^^^^^^^^^^^^^^^^
  File "C:\Users\ASHROCK\AppData\Local\Programs\Python\Python312\Lib\site-packages\fastapi\routing.py", line 191, in run_endpoint_function
    return await dependant.call(**values)
           ^^^^^^^^^^^^^^^^^^^^^^^^^^^^^^
  File "C:\Users\ASHROCK\AppData\Local\Programs\Python\Python312\Lib\site-packages\slowapi\extension.py", line 732, in async_wrapper
    self._check_request_limit(request, func, False)
  File "C:\Users\ASHROCK\AppData\Local\Programs\Python\Python312\Lib\site-packages\slowapi\extension.py", line 630, in _check_request_limit
    self.__evaluate_limits(request, _endpoint_key, all_limits)
  File "C:\Users\ASHROCK\AppData\Local\Programs\Python\Python312\Lib\site-packages\slowapi\extension.py", line 509, in __evaluate_limits
    if not self.limiter.hit(lim.limit, *args, cost=cost):
           ^^^^^^^^^^^^^^^^^^^^^^^^^^^^^^^^^^^^^^^^^^^^^
  File "C:\Users\ASHROCK\AppData\Local\Programs\Python\Python312\Lib\site-packages\limits\strategies.py", line 138, in hit
    self.storage.incr(
  File "C:\Users\ASHROCK\AppData\Local\Programs\Python\Python312\Lib\site-packages\limits\storage\base.py", line 27, in inner
    return fn(*args, **kwargs)
           ^^^^^^^^^^^^^^^^^^^
  File "C:\Users\ASHROCK\AppData\Local\Programs\Python\Python312\Lib\site-packages\limits\storage\redis.py", line 209, in incr
    return int(self.lua_incr_expire([key], [expiry, amount]))
               ^^^^^^^^^^^^^^^^^^^^^^^^^^^^^^^^^^^^^^^^^^^^^
  File "C:\Users\ASHROCK\AppData\Local\Programs\Python\Python312\Lib\site-packages\redis\commands\core.py", line 5851, in __call__
    return client.evalsha(self.sha, len(keys), *args)
           ^^^^^^^^^^^^^^^^^^^^^^^^^^^^^^^^^^^^^^^^^^
  File "C:\Users\ASHROCK\AppData\Local\Programs\Python\Python312\Lib\site-packages\redis\commands\core.py", line 5238, in evalsha
    return self._evalsha("EVALSHA", sha, numkeys, *keys_and_args)
           ^^^^^^^^^^^^^^^^^^^^^^^^^^^^^^^^^^^^^^^^^^^^^^^^^^^^^^
  File "C:\Users\ASHROCK\AppData\Local\Programs\Python\Python312\Lib\site-packages\redis\commands\core.py", line 5222, in _evalsha
    return self.execute_command(command, sha, numkeys, *keys_and_args)
           ^^^^^^^^^^^^^^^^^^^^^^^^^^^^^^^^^^^^^^^^^^^^^^^^^^^^^^^^^^^
  File "C:\Users\ASHROCK\AppData\Local\Programs\Python\Python312\Lib\site-packages\redis\client.py", line 1266, in execute_command
    conn = self.connection or pool.get_connection(command_name, **options)
                              ^^^^^^^^^^^^^^^^^^^^^^^^^^^^^^^^^^^^^^^^^^^^
  File "C:\Users\ASHROCK\AppData\Local\Programs\Python\Python312\Lib\site-packages\redis\connection.py", line 1461, in get_connection
    connection.connect()
  File "C:\Users\ASHROCK\AppData\Local\Programs\Python\Python312\Lib\site-packages\redis\connection.py", line 713, in connect
    raise ConnectionError(self._error_message(e))
redis.exceptions.ConnectionError: Error 10061 connecting to localhost:6379. No connection could be made because the target machine actively refused it.

2026-04-18 12:28:45,589 | INFO     | httpx:_send_single_request:1773 - HTTP Request: POST http://test/api/v1/auth/register "HTTP/1.1 500 Internal Server Error"
2026-04-18 12:28:45,855 | INFO     | httpx:_send_single_request:1773 - HTTP Request: POST http://test/api/v1/auth/register "HTTP/1.1 422 Unprocessable Entity"
2026-04-18 12:28:49,915 | ERROR    | app:dispatch:21 - Request failed: POST /api/v1/auth/login - Error: Error 10061 connecting to localhost:6379. No connection could be made because the target machine actively refused it.
2026-04-18 12:28:49,920 | ERROR    | app:dispatch:24 - Traceback (most recent call last):
  File "C:\Users\ASHROCK\AppData\Local\Programs\Python\Python312\Lib\site-packages\anyio\streams\memory.py", line 98, in receive
    return self.receive_nowait()
           ^^^^^^^^^^^^^^^^^^^^^
  File "C:\Users\ASHROCK\AppData\Local\Programs\Python\Python312\Lib\site-packages\anyio\streams\memory.py", line 93, in receive_nowait
    raise WouldBlock
anyio.WouldBlock

During handling of the above exception, another exception occurred:

Traceback (most recent call last):
  File "C:\Users\ASHROCK\AppData\Local\Programs\Python\Python312\Lib\site-packages\starlette\middleware\base.py", line 159, in call_next
    message = await recv_stream.receive()
              ^^^^^^^^^^^^^^^^^^^^^^^^^^^
  File "C:\Users\ASHROCK\AppData\Local\Programs\Python\Python312\Lib\site-packages\anyio\streams\memory.py", line 118, in receive
    raise EndOfStream
anyio.EndOfStream

During handling of the above exception, another exception occurred:

Traceback (most recent call last):
  File "C:\Users\ASHROCK\Desktop\Micro-SaaS\backend\app\api\middleware.py", line 15, in dispatch
    response = await call_next(request)
               ^^^^^^^^^^^^^^^^^^^^^^^^
  File "C:\Users\ASHROCK\AppData\Local\Programs\Python\Python312\Lib\site-packages\starlette\middleware\base.py", line 165, in call_next
    raise app_exc
  File "C:\Users\ASHROCK\AppData\Local\Programs\Python\Python312\Lib\site-packages\starlette\middleware\base.py", line 151, in coro
    await self.app(scope, receive_or_disconnect, send_no_error)
  File "C:\Users\ASHROCK\AppData\Local\Programs\Python\Python312\Lib\site-packages\starlette\middleware\exceptions.py", line 62, in __call__
    await wrap_app_handling_exceptions(self.app, conn)(scope, receive, send)
  File "C:\Users\ASHROCK\AppData\Local\Programs\Python\Python312\Lib\site-packages\starlette\_exception_handler.py", line 64, in wrapped_app
    raise exc
  File "C:\Users\ASHROCK\AppData\Local\Programs\Python\Python312\Lib\site-packages\starlette\_exception_handler.py", line 53, in wrapped_app
    await app(scope, receive, sender)
  File "C:\Users\ASHROCK\AppData\Local\Programs\Python\Python312\Lib\site-packages\starlette\routing.py", line 758, in __call__
    await self.middleware_stack(scope, receive, send)
  File "C:\Users\ASHROCK\AppData\Local\Programs\Python\Python312\Lib\site-packages\starlette\routing.py", line 778, in app
    await route.handle(scope, receive, send)
  File "C:\Users\ASHROCK\AppData\Local\Programs\Python\Python312\Lib\site-packages\starlette\routing.py", line 299, in handle
    await self.app(scope, receive, send)
  File "C:\Users\ASHROCK\AppData\Local\Programs\Python\Python312\Lib\site-packages\starlette\routing.py", line 79, in app
    await wrap_app_handling_exceptions(app, request)(scope, receive, send)
  File "C:\Users\ASHROCK\AppData\Local\Programs\Python\Python312\Lib\site-packages\starlette\_exception_handler.py", line 64, in wrapped_app
    raise exc
  File "C:\Users\ASHROCK\AppData\Local\Programs\Python\Python312\Lib\site-packages\starlette\_exception_handler.py", line 53, in wrapped_app
    await app(scope, receive, sender)
  File "C:\Users\ASHROCK\AppData\Local\Programs\Python\Python312\Lib\site-packages\starlette\routing.py", line 74, in app
    response = await func(request)
               ^^^^^^^^^^^^^^^^^^^
  File "C:\Users\ASHROCK\AppData\Local\Programs\Python\Python312\Lib\site-packages\fastapi\routing.py", line 278, in app
    raw_response = await run_endpoint_function(
                   ^^^^^^^^^^^^^^^^^^^^^^^^^^^^
  File "C:\Users\ASHROCK\AppData\Local\Programs\Python\Python312\Lib\site-packages\fastapi\routing.py", line 191, in run_endpoint_function
    return await dependant.call(**values)
           ^^^^^^^^^^^^^^^^^^^^^^^^^^^^^^
  File "C:\Users\ASHROCK\AppData\Local\Programs\Python\Python312\Lib\site-packages\slowapi\extension.py", line 732, in async_wrapper
    self._check_request_limit(request, func, False)
  File "C:\Users\ASHROCK\AppData\Local\Programs\Python\Python312\Lib\site-packages\slowapi\extension.py", line 630, in _check_request_limit
    self.__evaluate_limits(request, _endpoint_key, all_limits)
  File "C:\Users\ASHROCK\AppData\Local\Programs\Python\Python312\Lib\site-packages\slowapi\extension.py", line 509, in __evaluate_limits
    if not self.limiter.hit(lim.limit, *args, cost=cost):
           ^^^^^^^^^^^^^^^^^^^^^^^^^^^^^^^^^^^^^^^^^^^^^
  File "C:\Users\ASHROCK\AppData\Local\Programs\Python\Python312\Lib\site-packages\limits\strategies.py", line 138, in hit
    self.storage.incr(
  File "C:\Users\ASHROCK\AppData\Local\Programs\Python\Python312\Lib\site-packages\limits\storage\base.py", line 27, in inner
    return fn(*args, **kwargs)
           ^^^^^^^^^^^^^^^^^^^
  File "C:\Users\ASHROCK\AppData\Local\Programs\Python\Python312\Lib\site-packages\limits\storage\redis.py", line 209, in incr
    return int(self.lua_incr_expire([key], [expiry, amount]))
               ^^^^^^^^^^^^^^^^^^^^^^^^^^^^^^^^^^^^^^^^^^^^^
  File "C:\Users\ASHROCK\AppData\Local\Programs\Python\Python312\Lib\site-packages\redis\commands\core.py", line 5851, in __call__
    return client.evalsha(self.sha, len(keys), *args)
           ^^^^^^^^^^^^^^^^^^^^^^^^^^^^^^^^^^^^^^^^^^
  File "C:\Users\ASHROCK\AppData\Local\Programs\Python\Python312\Lib\site-packages\redis\commands\core.py", line 5238, in evalsha
    return self._evalsha("EVALSHA", sha, numkeys, *keys_and_args)
           ^^^^^^^^^^^^^^^^^^^^^^^^^^^^^^^^^^^^^^^^^^^^^^^^^^^^^^
  File "C:\Users\ASHROCK\AppData\Local\Programs\Python\Python312\Lib\site-packages\redis\commands\core.py", line 5222, in _evalsha
    return self.execute_command(command, sha, numkeys, *keys_and_args)
           ^^^^^^^^^^^^^^^^^^^^^^^^^^^^^^^^^^^^^^^^^^^^^^^^^^^^^^^^^^^
  File "C:\Users\ASHROCK\AppData\Local\Programs\Python\Python312\Lib\site-packages\redis\client.py", line 1266, in execute_command
    conn = self.connection or pool.get_connection(command_name, **options)
                              ^^^^^^^^^^^^^^^^^^^^^^^^^^^^^^^^^^^^^^^^^^^^
  File "C:\Users\ASHROCK\AppData\Local\Programs\Python\Python312\Lib\site-packages\redis\connection.py", line 1461, in get_connection
    connection.connect()
  File "C:\Users\ASHROCK\AppData\Local\Programs\Python\Python312\Lib\site-packages\redis\connection.py", line 713, in connect
    raise ConnectionError(self._error_message(e))
redis.exceptions.ConnectionError: Error 10061 connecting to localhost:6379. No connection could be made because the target machine actively refused it.

2026-04-18 12:28:49,920 | INFO     | httpx:_send_single_request:1773 - HTTP Request: POST http://test/api/v1/auth/login "HTTP/1.1 500 Internal Server Error"
2026-04-18 12:28:49,932 | INFO     | httpx:_send_single_request:1773 - HTTP Request: POST http://test/api/v1/auth/register "HTTP/1.1 422 Unprocessable Entity"
2026-04-18 12:28:54,014 | ERROR    | app:dispatch:21 - Request failed: POST /api/v1/auth/login - Error: Error 10061 connecting to localhost:6379. No connection could be made because the target machine actively refused it.
2026-04-18 12:28:54,019 | ERROR    | app:dispatch:24 - Traceback (most recent call last):
  File "C:\Users\ASHROCK\AppData\Local\Programs\Python\Python312\Lib\site-packages\anyio\streams\memory.py", line 98, in receive
    return self.receive_nowait()
           ^^^^^^^^^^^^^^^^^^^^^
  File "C:\Users\ASHROCK\AppData\Local\Programs\Python\Python312\Lib\site-packages\anyio\streams\memory.py", line 93, in receive_nowait
    raise WouldBlock
anyio.WouldBlock

During handling of the above exception, another exception occurred:

Traceback (most recent call last):
  File "C:\Users\ASHROCK\AppData\Local\Programs\Python\Python312\Lib\site-packages\starlette\middleware\base.py", line 159, in call_next
    message = await recv_stream.receive()
              ^^^^^^^^^^^^^^^^^^^^^^^^^^^
  File "C:\Users\ASHROCK\AppData\Local\Programs\Python\Python312\Lib\site-packages\anyio\streams\memory.py", line 118, in receive
    raise EndOfStream
anyio.EndOfStream

During handling of the above exception, another exception occurred:

Traceback (most recent call last):
  File "C:\Users\ASHROCK\Desktop\Micro-SaaS\backend\app\api\middleware.py", line 15, in dispatch
    response = await call_next(request)
               ^^^^^^^^^^^^^^^^^^^^^^^^
  File "C:\Users\ASHROCK\AppData\Local\Programs\Python\Python312\Lib\site-packages\starlette\middleware\base.py", line 165, in call_next
    raise app_exc
  File "C:\Users\ASHROCK\AppData\Local\Programs\Python\Python312\Lib\site-packages\starlette\middleware\base.py", line 151, in coro
    await self.app(scope, receive_or_disconnect, send_no_error)
  File "C:\Users\ASHROCK\AppData\Local\Programs\Python\Python312\Lib\site-packages\starlette\middleware\exceptions.py", line 62, in __call__
    await wrap_app_handling_exceptions(self.app, conn)(scope, receive, send)
  File "C:\Users\ASHROCK\AppData\Local\Programs\Python\Python312\Lib\site-packages\starlette\_exception_handler.py", line 64, in wrapped_app
    raise exc
  File "C:\Users\ASHROCK\AppData\Local\Programs\Python\Python312\Lib\site-packages\starlette\_exception_handler.py", line 53, in wrapped_app
    await app(scope, receive, sender)
  File "C:\Users\ASHROCK\AppData\Local\Programs\Python\Python312\Lib\site-packages\starlette\routing.py", line 758, in __call__
    await self.middleware_stack(scope, receive, send)
  File "C:\Users\ASHROCK\AppData\Local\Programs\Python\Python312\Lib\site-packages\starlette\routing.py", line 778, in app
    await route.handle(scope, receive, send)
  File "C:\Users\ASHROCK\AppData\Local\Programs\Python\Python312\Lib\site-packages\starlette\routing.py", line 299, in handle
    await self.app(scope, receive, send)
  File "C:\Users\ASHROCK\AppData\Local\Programs\Python\Python312\Lib\site-packages\starlette\routing.py", line 79, in app
    await wrap_app_handling_exceptions(app, request)(scope, receive, send)
  File "C:\Users\ASHROCK\AppData\Local\Programs\Python\Python312\Lib\site-packages\starlette\_exception_handler.py", line 64, in wrapped_app
    raise exc
  File "C:\Users\ASHROCK\AppData\Local\Programs\Python\Python312\Lib\site-packages\starlette\_exception_handler.py", line 53, in wrapped_app
    await app(scope, receive, sender)
  File "C:\Users\ASHROCK\AppData\Local\Programs\Python\Python312\Lib\site-packages\starlette\routing.py", line 74, in app
    response = await func(request)
               ^^^^^^^^^^^^^^^^^^^
  File "C:\Users\ASHROCK\AppData\Local\Programs\Python\Python312\Lib\site-packages\fastapi\routing.py", line 278, in app
    raw_response = await run_endpoint_function(
                   ^^^^^^^^^^^^^^^^^^^^^^^^^^^^
  File "C:\Users\ASHROCK\AppData\Local\Programs\Python\Python312\Lib\site-packages\fastapi\routing.py", line 191, in run_endpoint_function
    return await dependant.call(**values)
           ^^^^^^^^^^^^^^^^^^^^^^^^^^^^^^
  File "C:\Users\ASHROCK\AppData\Local\Programs\Python\Python312\Lib\site-packages\slowapi\extension.py", line 732, in async_wrapper
    self._check_request_limit(request, func, False)
  File "C:\Users\ASHROCK\AppData\Local\Programs\Python\Python312\Lib\site-packages\slowapi\extension.py", line 630, in _check_request_limit
    self.__evaluate_limits(request, _endpoint_key, all_limits)
  File "C:\Users\ASHROCK\AppData\Local\Programs\Python\Python312\Lib\site-packages\slowapi\extension.py", line 509, in __evaluate_limits
    if not self.limiter.hit(lim.limit, *args, cost=cost):
           ^^^^^^^^^^^^^^^^^^^^^^^^^^^^^^^^^^^^^^^^^^^^^
  File "C:\Users\ASHROCK\AppData\Local\Programs\Python\Python312\Lib\site-packages\limits\strategies.py", line 138, in hit
    self.storage.incr(
  File "C:\Users\ASHROCK\AppData\Local\Programs\Python\Python312\Lib\site-packages\limits\storage\base.py", line 27, in inner
    return fn(*args, **kwargs)
           ^^^^^^^^^^^^^^^^^^^
  File "C:\Users\ASHROCK\AppData\Local\Programs\Python\Python312\Lib\site-packages\limits\storage\redis.py", line 209, in incr
    return int(self.lua_incr_expire([key], [expiry, amount]))
               ^^^^^^^^^^^^^^^^^^^^^^^^^^^^^^^^^^^^^^^^^^^^^
  File "C:\Users\ASHROCK\AppData\Local\Programs\Python\Python312\Lib\site-packages\redis\commands\core.py", line 5851, in __call__
    return client.evalsha(self.sha, len(keys), *args)
           ^^^^^^^^^^^^^^^^^^^^^^^^^^^^^^^^^^^^^^^^^^
  File "C:\Users\ASHROCK\AppData\Local\Programs\Python\Python312\Lib\site-packages\redis\commands\core.py", line 5238, in evalsha
    return self._evalsha("EVALSHA", sha, numkeys, *keys_and_args)
           ^^^^^^^^^^^^^^^^^^^^^^^^^^^^^^^^^^^^^^^^^^^^^^^^^^^^^^
  File "C:\Users\ASHROCK\AppData\Local\Programs\Python\Python312\Lib\site-packages\redis\commands\core.py", line 5222, in _evalsha
    return self.execute_command(command, sha, numkeys, *keys_and_args)
           ^^^^^^^^^^^^^^^^^^^^^^^^^^^^^^^^^^^^^^^^^^^^^^^^^^^^^^^^^^^
  File "C:\Users\ASHROCK\AppData\Local\Programs\Python\Python312\Lib\site-packages\redis\client.py", line 1266, in execute_command
    conn = self.connection or pool.get_connection(command_name, **options)
                              ^^^^^^^^^^^^^^^^^^^^^^^^^^^^^^^^^^^^^^^^^^^^
  File "C:\Users\ASHROCK\AppData\Local\Programs\Python\Python312\Lib\site-packages\redis\connection.py", line 1461, in get_connection
    connection.connect()
  File "C:\Users\ASHROCK\AppData\Local\Programs\Python\Python312\Lib\site-packages\redis\connection.py", line 713, in connect
    raise ConnectionError(self._error_message(e))
redis.exceptions.ConnectionError: Error 10061 connecting to localhost:6379. No connection could be made because the target machine actively refused it.

2026-04-18 12:28:54,020 | INFO     | httpx:_send_single_request:1773 - HTTP Request: POST http://test/api/v1/auth/login "HTTP/1.1 500 Internal Server Error"
2026-04-18 12:29:10,001 | ERROR    | app:dispatch:21 - Request failed: POST /api/v1/auth/register - Error: Error 10061 connecting to localhost:6379. No connection could be made because the target machine actively refused it.
2026-04-18 12:29:10,012 | ERROR    | app:dispatch:24 - Traceback (most recent call last):
  File "C:\Users\ASHROCK\AppData\Local\Programs\Python\Python312\Lib\site-packages\anyio\streams\memory.py", line 98, in receive
    return self.receive_nowait()
           ^^^^^^^^^^^^^^^^^^^^^
  File "C:\Users\ASHROCK\AppData\Local\Programs\Python\Python312\Lib\site-packages\anyio\streams\memory.py", line 93, in receive_nowait
    raise WouldBlock
anyio.WouldBlock

During handling of the above exception, another exception occurred:

Traceback (most recent call last):
  File "C:\Users\ASHROCK\AppData\Local\Programs\Python\Python312\Lib\site-packages\starlette\middleware\base.py", line 159, in call_next
    message = await recv_stream.receive()
              ^^^^^^^^^^^^^^^^^^^^^^^^^^^
  File "C:\Users\ASHROCK\AppData\Local\Programs\Python\Python312\Lib\site-packages\anyio\streams\memory.py", line 118, in receive
    raise EndOfStream
anyio.EndOfStream

During handling of the above exception, another exception occurred:

Traceback (most recent call last):
  File "C:\Users\ASHROCK\Desktop\Micro-SaaS\backend\app\api\middleware.py", line 15, in dispatch
    response = await call_next(request)
               ^^^^^^^^^^^^^^^^^^^^^^^^
  File "C:\Users\ASHROCK\AppData\Local\Programs\Python\Python312\Lib\site-packages\starlette\middleware\base.py", line 165, in call_next
    raise app_exc
  File "C:\Users\ASHROCK\AppData\Local\Programs\Python\Python312\Lib\site-packages\starlette\middleware\base.py", line 151, in coro
    await self.app(scope, receive_or_disconnect, send_no_error)
  File "C:\Users\ASHROCK\AppData\Local\Programs\Python\Python312\Lib\site-packages\starlette\middleware\exceptions.py", line 62, in __call__
    await wrap_app_handling_exceptions(self.app, conn)(scope, receive, send)
  File "C:\Users\ASHROCK\AppData\Local\Programs\Python\Python312\Lib\site-packages\starlette\_exception_handler.py", line 64, in wrapped_app
    raise exc
  File "C:\Users\ASHROCK\AppData\Local\Programs\Python\Python312\Lib\site-packages\starlette\_exception_handler.py", line 53, in wrapped_app
    await app(scope, receive, sender)
  File "C:\Users\ASHROCK\AppData\Local\Programs\Python\Python312\Lib\site-packages\starlette\routing.py", line 758, in __call__
    await self.middleware_stack(scope, receive, send)
  File "C:\Users\ASHROCK\AppData\Local\Programs\Python\Python312\Lib\site-packages\starlette\routing.py", line 778, in app
    await route.handle(scope, receive, send)
  File "C:\Users\ASHROCK\AppData\Local\Programs\Python\Python312\Lib\site-packages\starlette\routing.py", line 299, in handle
    await self.app(scope, receive, send)
  File "C:\Users\ASHROCK\AppData\Local\Programs\Python\Python312\Lib\site-packages\starlette\routing.py", line 79, in app
    await wrap_app_handling_exceptions(app, request)(scope, receive, send)
  File "C:\Users\ASHROCK\AppData\Local\Programs\Python\Python312\Lib\site-packages\starlette\_exception_handler.py", line 64, in wrapped_app
    raise exc
  File "C:\Users\ASHROCK\AppData\Local\Programs\Python\Python312\Lib\site-packages\starlette\_exception_handler.py", line 53, in wrapped_app
    await app(scope, receive, sender)
  File "C:\Users\ASHROCK\AppData\Local\Programs\Python\Python312\Lib\site-packages\starlette\routing.py", line 74, in app
    response = await func(request)
               ^^^^^^^^^^^^^^^^^^^
  File "C:\Users\ASHROCK\AppData\Local\Programs\Python\Python312\Lib\site-packages\fastapi\routing.py", line 278, in app
    raw_response = await run_endpoint_function(
                   ^^^^^^^^^^^^^^^^^^^^^^^^^^^^
  File "C:\Users\ASHROCK\AppData\Local\Programs\Python\Python312\Lib\site-packages\fastapi\routing.py", line 191, in run_endpoint_function
    return await dependant.call(**values)
           ^^^^^^^^^^^^^^^^^^^^^^^^^^^^^^
  File "C:\Users\ASHROCK\AppData\Local\Programs\Python\Python312\Lib\site-packages\slowapi\extension.py", line 732, in async_wrapper
    self._check_request_limit(request, func, False)
  File "C:\Users\ASHROCK\AppData\Local\Programs\Python\Python312\Lib\site-packages\slowapi\extension.py", line 630, in _check_request_limit
    self.__evaluate_limits(request, _endpoint_key, all_limits)
  File "C:\Users\ASHROCK\AppData\Local\Programs\Python\Python312\Lib\site-packages\slowapi\extension.py", line 509, in __evaluate_limits
    if not self.limiter.hit(lim.limit, *args, cost=cost):
           ^^^^^^^^^^^^^^^^^^^^^^^^^^^^^^^^^^^^^^^^^^^^^
  File "C:\Users\ASHROCK\AppData\Local\Programs\Python\Python312\Lib\site-packages\limits\strategies.py", line 138, in hit
    self.storage.incr(
  File "C:\Users\ASHROCK\AppData\Local\Programs\Python\Python312\Lib\site-packages\limits\storage\base.py", line 27, in inner
    return fn(*args, **kwargs)
           ^^^^^^^^^^^^^^^^^^^
  File "C:\Users\ASHROCK\AppData\Local\Programs\Python\Python312\Lib\site-packages\limits\storage\redis.py", line 209, in incr
    return int(self.lua_incr_expire([key], [expiry, amount]))
               ^^^^^^^^^^^^^^^^^^^^^^^^^^^^^^^^^^^^^^^^^^^^^
  File "C:\Users\ASHROCK\AppData\Local\Programs\Python\Python312\Lib\site-packages\redis\commands\core.py", line 5851, in __call__
    return client.evalsha(self.sha, len(keys), *args)
           ^^^^^^^^^^^^^^^^^^^^^^^^^^^^^^^^^^^^^^^^^^
  File "C:\Users\ASHROCK\AppData\Local\Programs\Python\Python312\Lib\site-packages\redis\commands\core.py", line 5238, in evalsha
    return self._evalsha("EVALSHA", sha, numkeys, *keys_and_args)
           ^^^^^^^^^^^^^^^^^^^^^^^^^^^^^^^^^^^^^^^^^^^^^^^^^^^^^^
  File "C:\Users\ASHROCK\AppData\Local\Programs\Python\Python312\Lib\site-packages\redis\commands\core.py", line 5222, in _evalsha
    return self.execute_command(command, sha, numkeys, *keys_and_args)
           ^^^^^^^^^^^^^^^^^^^^^^^^^^^^^^^^^^^^^^^^^^^^^^^^^^^^^^^^^^^
  File "C:\Users\ASHROCK\AppData\Local\Programs\Python\Python312\Lib\site-packages\redis\client.py", line 1266, in execute_command
    conn = self.connection or pool.get_connection(command_name, **options)
                              ^^^^^^^^^^^^^^^^^^^^^^^^^^^^^^^^^^^^^^^^^^^^
  File "C:\Users\ASHROCK\AppData\Local\Programs\Python\Python312\Lib\site-packages\redis\connection.py", line 1461, in get_connection
    connection.connect()
  File "C:\Users\ASHROCK\AppData\Local\Programs\Python\Python312\Lib\site-packages\redis\connection.py", line 713, in connect
    raise ConnectionError(self._error_message(e))
redis.exceptions.ConnectionError: Error 10061 connecting to localhost:6379. No connection could be made because the target machine actively refused it.

2026-04-18 12:29:10,012 | INFO     | httpx:_send_single_request:1773 - HTTP Request: POST http://test/api/v1/auth/register "HTTP/1.1 500 Internal Server Error"
2026-04-18 12:29:10,222 | INFO     | httpx:_send_single_request:1773 - HTTP Request: POST http://test/api/v1/auth/register "HTTP/1.1 422 Unprocessable Entity"
2026-04-18 12:29:14,280 | ERROR    | app:dispatch:21 - Request failed: POST /api/v1/auth/login - Error: Error 10061 connecting to localhost:6379. No connection could be made because the target machine actively refused it.
2026-04-18 12:29:14,284 | ERROR    | app:dispatch:24 - Traceback (most recent call last):
  File "C:\Users\ASHROCK\AppData\Local\Programs\Python\Python312\Lib\site-packages\anyio\streams\memory.py", line 98, in receive
    return self.receive_nowait()
           ^^^^^^^^^^^^^^^^^^^^^
  File "C:\Users\ASHROCK\AppData\Local\Programs\Python\Python312\Lib\site-packages\anyio\streams\memory.py", line 93, in receive_nowait
    raise WouldBlock
anyio.WouldBlock

During handling of the above exception, another exception occurred:

Traceback (most recent call last):
  File "C:\Users\ASHROCK\AppData\Local\Programs\Python\Python312\Lib\site-packages\starlette\middleware\base.py", line 159, in call_next
    message = await recv_stream.receive()
              ^^^^^^^^^^^^^^^^^^^^^^^^^^^
  File "C:\Users\ASHROCK\AppData\Local\Programs\Python\Python312\Lib\site-packages\anyio\streams\memory.py", line 118, in receive
    raise EndOfStream
anyio.EndOfStream

During handling of the above exception, another exception occurred:

Traceback (most recent call last):
  File "C:\Users\ASHROCK\Desktop\Micro-SaaS\backend\app\api\middleware.py", line 15, in dispatch
    response = await call_next(request)
               ^^^^^^^^^^^^^^^^^^^^^^^^
  File "C:\Users\ASHROCK\AppData\Local\Programs\Python\Python312\Lib\site-packages\starlette\middleware\base.py", line 165, in call_next
    raise app_exc
  File "C:\Users\ASHROCK\AppData\Local\Programs\Python\Python312\Lib\site-packages\starlette\middleware\base.py", line 151, in coro
    await self.app(scope, receive_or_disconnect, send_no_error)
  File "C:\Users\ASHROCK\AppData\Local\Programs\Python\Python312\Lib\site-packages\starlette\middleware\exceptions.py", line 62, in __call__
    await wrap_app_handling_exceptions(self.app, conn)(scope, receive, send)
  File "C:\Users\ASHROCK\AppData\Local\Programs\Python\Python312\Lib\site-packages\starlette\_exception_handler.py", line 64, in wrapped_app
    raise exc
  File "C:\Users\ASHROCK\AppData\Local\Programs\Python\Python312\Lib\site-packages\starlette\_exception_handler.py", line 53, in wrapped_app
    await app(scope, receive, sender)
  File "C:\Users\ASHROCK\AppData\Local\Programs\Python\Python312\Lib\site-packages\starlette\routing.py", line 758, in __call__
    await self.middleware_stack(scope, receive, send)
  File "C:\Users\ASHROCK\AppData\Local\Programs\Python\Python312\Lib\site-packages\starlette\routing.py", line 778, in app
    await route.handle(scope, receive, send)
  File "C:\Users\ASHROCK\AppData\Local\Programs\Python\Python312\Lib\site-packages\starlette\routing.py", line 299, in handle
    await self.app(scope, receive, send)
  File "C:\Users\ASHROCK\AppData\Local\Programs\Python\Python312\Lib\site-packages\starlette\routing.py", line 79, in app
    await wrap_app_handling_exceptions(app, request)(scope, receive, send)
  File "C:\Users\ASHROCK\AppData\Local\Programs\Python\Python312\Lib\site-packages\starlette\_exception_handler.py", line 64, in wrapped_app
    raise exc
  File "C:\Users\ASHROCK\AppData\Local\Programs\Python\Python312\Lib\site-packages\starlette\_exception_handler.py", line 53, in wrapped_app
    await app(scope, receive, sender)
  File "C:\Users\ASHROCK\AppData\Local\Programs\Python\Python312\Lib\site-packages\starlette\routing.py", line 74, in app
    response = await func(request)
               ^^^^^^^^^^^^^^^^^^^
  File "C:\Users\ASHROCK\AppData\Local\Programs\Python\Python312\Lib\site-packages\fastapi\routing.py", line 278, in app
    raw_response = await run_endpoint_function(
                   ^^^^^^^^^^^^^^^^^^^^^^^^^^^^
  File "C:\Users\ASHROCK\AppData\Local\Programs\Python\Python312\Lib\site-packages\fastapi\routing.py", line 191, in run_endpoint_function
    return await dependant.call(**values)
           ^^^^^^^^^^^^^^^^^^^^^^^^^^^^^^
  File "C:\Users\ASHROCK\AppData\Local\Programs\Python\Python312\Lib\site-packages\slowapi\extension.py", line 732, in async_wrapper
    self._check_request_limit(request, func, False)
  File "C:\Users\ASHROCK\AppData\Local\Programs\Python\Python312\Lib\site-packages\slowapi\extension.py", line 630, in _check_request_limit
    self.__evaluate_limits(request, _endpoint_key, all_limits)
  File "C:\Users\ASHROCK\AppData\Local\Programs\Python\Python312\Lib\site-packages\slowapi\extension.py", line 509, in __evaluate_limits
    if not self.limiter.hit(lim.limit, *args, cost=cost):
           ^^^^^^^^^^^^^^^^^^^^^^^^^^^^^^^^^^^^^^^^^^^^^
  File "C:\Users\ASHROCK\AppData\Local\Programs\Python\Python312\Lib\site-packages\limits\strategies.py", line 138, in hit
    self.storage.incr(
  File "C:\Users\ASHROCK\AppData\Local\Programs\Python\Python312\Lib\site-packages\limits\storage\base.py", line 27, in inner
    return fn(*args, **kwargs)
           ^^^^^^^^^^^^^^^^^^^
  File "C:\Users\ASHROCK\AppData\Local\Programs\Python\Python312\Lib\site-packages\limits\storage\redis.py", line 209, in incr
    return int(self.lua_incr_expire([key], [expiry, amount]))
               ^^^^^^^^^^^^^^^^^^^^^^^^^^^^^^^^^^^^^^^^^^^^^
  File "C:\Users\ASHROCK\AppData\Local\Programs\Python\Python312\Lib\site-packages\redis\commands\core.py", line 5851, in __call__
    return client.evalsha(self.sha, len(keys), *args)
           ^^^^^^^^^^^^^^^^^^^^^^^^^^^^^^^^^^^^^^^^^^
  File "C:\Users\ASHROCK\AppData\Local\Programs\Python\Python312\Lib\site-packages\redis\commands\core.py", line 5238, in evalsha
    return self._evalsha("EVALSHA", sha, numkeys, *keys_and_args)
           ^^^^^^^^^^^^^^^^^^^^^^^^^^^^^^^^^^^^^^^^^^^^^^^^^^^^^^
  File "C:\Users\ASHROCK\AppData\Local\Programs\Python\Python312\Lib\site-packages\redis\commands\core.py", line 5222, in _evalsha
    return self.execute_command(command, sha, numkeys, *keys_and_args)
           ^^^^^^^^^^^^^^^^^^^^^^^^^^^^^^^^^^^^^^^^^^^^^^^^^^^^^^^^^^^
  File "C:\Users\ASHROCK\AppData\Local\Programs\Python\Python312\Lib\site-packages\redis\client.py", line 1266, in execute_command
    conn = self.connection or pool.get_connection(command_name, **options)
                              ^^^^^^^^^^^^^^^^^^^^^^^^^^^^^^^^^^^^^^^^^^^^
  File "C:\Users\ASHROCK\AppData\Local\Programs\Python\Python312\Lib\site-packages\redis\connection.py", line 1461, in get_connection
    connection.connect()
  File "C:\Users\ASHROCK\AppData\Local\Programs\Python\Python312\Lib\site-packages\redis\connection.py", line 713, in connect
    raise ConnectionError(self._error_message(e))
redis.exceptions.ConnectionError: Error 10061 connecting to localhost:6379. No connection could be made because the target machine actively refused it.

2026-04-18 12:29:14,284 | INFO     | httpx:_send_single_request:1773 - HTTP Request: POST http://test/api/v1/auth/login "HTTP/1.1 500 Internal Server Error"
2026-04-18 12:29:14,298 | INFO     | httpx:_send_single_request:1773 - HTTP Request: POST http://test/api/v1/auth/register "HTTP/1.1 422 Unprocessable Entity"
2026-04-18 12:29:18,348 | ERROR    | app:dispatch:21 - Request failed: POST /api/v1/auth/login - Error: Error 10061 connecting to localhost:6379. No connection could be made because the target machine actively refused it.
2026-04-18 12:29:18,354 | ERROR    | app:dispatch:24 - Traceback (most recent call last):
  File "C:\Users\ASHROCK\AppData\Local\Programs\Python\Python312\Lib\site-packages\anyio\streams\memory.py", line 98, in receive
    return self.receive_nowait()
           ^^^^^^^^^^^^^^^^^^^^^
  File "C:\Users\ASHROCK\AppData\Local\Programs\Python\Python312\Lib\site-packages\anyio\streams\memory.py", line 93, in receive_nowait
    raise WouldBlock
anyio.WouldBlock

During handling of the above exception, another exception occurred:

Traceback (most recent call last):
  File "C:\Users\ASHROCK\AppData\Local\Programs\Python\Python312\Lib\site-packages\starlette\middleware\base.py", line 159, in call_next
    message = await recv_stream.receive()
              ^^^^^^^^^^^^^^^^^^^^^^^^^^^
  File "C:\Users\ASHROCK\AppData\Local\Programs\Python\Python312\Lib\site-packages\anyio\streams\memory.py", line 118, in receive
    raise EndOfStream
anyio.EndOfStream

During handling of the above exception, another exception occurred:

Traceback (most recent call last):
  File "C:\Users\ASHROCK\Desktop\Micro-SaaS\backend\app\api\middleware.py", line 15, in dispatch
    response = await call_next(request)
               ^^^^^^^^^^^^^^^^^^^^^^^^
  File "C:\Users\ASHROCK\AppData\Local\Programs\Python\Python312\Lib\site-packages\starlette\middleware\base.py", line 165, in call_next
    raise app_exc
  File "C:\Users\ASHROCK\AppData\Local\Programs\Python\Python312\Lib\site-packages\starlette\middleware\base.py", line 151, in coro
    await self.app(scope, receive_or_disconnect, send_no_error)
  File "C:\Users\ASHROCK\AppData\Local\Programs\Python\Python312\Lib\site-packages\starlette\middleware\exceptions.py", line 62, in __call__
    await wrap_app_handling_exceptions(self.app, conn)(scope, receive, send)
  File "C:\Users\ASHROCK\AppData\Local\Programs\Python\Python312\Lib\site-packages\starlette\_exception_handler.py", line 64, in wrapped_app
    raise exc
  File "C:\Users\ASHROCK\AppData\Local\Programs\Python\Python312\Lib\site-packages\starlette\_exception_handler.py", line 53, in wrapped_app
    await app(scope, receive, sender)
  File "C:\Users\ASHROCK\AppData\Local\Programs\Python\Python312\Lib\site-packages\starlette\routing.py", line 758, in __call__
    await self.middleware_stack(scope, receive, send)
  File "C:\Users\ASHROCK\AppData\Local\Programs\Python\Python312\Lib\site-packages\starlette\routing.py", line 778, in app
    await route.handle(scope, receive, send)
  File "C:\Users\ASHROCK\AppData\Local\Programs\Python\Python312\Lib\site-packages\starlette\routing.py", line 299, in handle
    await self.app(scope, receive, send)
  File "C:\Users\ASHROCK\AppData\Local\Programs\Python\Python312\Lib\site-packages\starlette\routing.py", line 79, in app
    await wrap_app_handling_exceptions(app, request)(scope, receive, send)
  File "C:\Users\ASHROCK\AppData\Local\Programs\Python\Python312\Lib\site-packages\starlette\_exception_handler.py", line 64, in wrapped_app
    raise exc
  File "C:\Users\ASHROCK\AppData\Local\Programs\Python\Python312\Lib\site-packages\starlette\_exception_handler.py", line 53, in wrapped_app
    await app(scope, receive, sender)
  File "C:\Users\ASHROCK\AppData\Local\Programs\Python\Python312\Lib\site-packages\starlette\routing.py", line 74, in app
    response = await func(request)
               ^^^^^^^^^^^^^^^^^^^
  File "C:\Users\ASHROCK\AppData\Local\Programs\Python\Python312\Lib\site-packages\fastapi\routing.py", line 278, in app
    raw_response = await run_endpoint_function(
                   ^^^^^^^^^^^^^^^^^^^^^^^^^^^^
  File "C:\Users\ASHROCK\AppData\Local\Programs\Python\Python312\Lib\site-packages\fastapi\routing.py", line 191, in run_endpoint_function
    return await dependant.call(**values)
           ^^^^^^^^^^^^^^^^^^^^^^^^^^^^^^
  File "C:\Users\ASHROCK\AppData\Local\Programs\Python\Python312\Lib\site-packages\slowapi\extension.py", line 732, in async_wrapper
    self._check_request_limit(request, func, False)
  File "C:\Users\ASHROCK\AppData\Local\Programs\Python\Python312\Lib\site-packages\slowapi\extension.py", line 630, in _check_request_limit
    self.__evaluate_limits(request, _endpoint_key, all_limits)
  File "C:\Users\ASHROCK\AppData\Local\Programs\Python\Python312\Lib\site-packages\slowapi\extension.py", line 509, in __evaluate_limits
    if not self.limiter.hit(lim.limit, *args, cost=cost):
           ^^^^^^^^^^^^^^^^^^^^^^^^^^^^^^^^^^^^^^^^^^^^^
  File "C:\Users\ASHROCK\AppData\Local\Programs\Python\Python312\Lib\site-packages\limits\strategies.py", line 138, in hit
    self.storage.incr(
  File "C:\Users\ASHROCK\AppData\Local\Programs\Python\Python312\Lib\site-packages\limits\storage\base.py", line 27, in inner
    return fn(*args, **kwargs)
           ^^^^^^^^^^^^^^^^^^^
  File "C:\Users\ASHROCK\AppData\Local\Programs\Python\Python312\Lib\site-packages\limits\storage\redis.py", line 209, in incr
    return int(self.lua_incr_expire([key], [expiry, amount]))
               ^^^^^^^^^^^^^^^^^^^^^^^^^^^^^^^^^^^^^^^^^^^^^
  File "C:\Users\ASHROCK\AppData\Local\Programs\Python\Python312\Lib\site-packages\redis\commands\core.py", line 5851, in __call__
    return client.evalsha(self.sha, len(keys), *args)
           ^^^^^^^^^^^^^^^^^^^^^^^^^^^^^^^^^^^^^^^^^^
  File "C:\Users\ASHROCK\AppData\Local\Programs\Python\Python312\Lib\site-packages\redis\commands\core.py", line 5238, in evalsha
    return self._evalsha("EVALSHA", sha, numkeys, *keys_and_args)
           ^^^^^^^^^^^^^^^^^^^^^^^^^^^^^^^^^^^^^^^^^^^^^^^^^^^^^^
  File "C:\Users\ASHROCK\AppData\Local\Programs\Python\Python312\Lib\site-packages\redis\commands\core.py", line 5222, in _evalsha
    return self.execute_command(command, sha, numkeys, *keys_and_args)
           ^^^^^^^^^^^^^^^^^^^^^^^^^^^^^^^^^^^^^^^^^^^^^^^^^^^^^^^^^^^
  File "C:\Users\ASHROCK\AppData\Local\Programs\Python\Python312\Lib\site-packages\redis\client.py", line 1266, in execute_command
    conn = self.connection or pool.get_connection(command_name, **options)
                              ^^^^^^^^^^^^^^^^^^^^^^^^^^^^^^^^^^^^^^^^^^^^
  File "C:\Users\ASHROCK\AppData\Local\Programs\Python\Python312\Lib\site-packages\redis\connection.py", line 1461, in get_connection
    connection.connect()
  File "C:\Users\ASHROCK\AppData\Local\Programs\Python\Python312\Lib\site-packages\redis\connection.py", line 713, in connect
    raise ConnectionError(self._error_message(e))
redis.exceptions.ConnectionError: Error 10061 connecting to localhost:6379. No connection could be made because the target machine actively refused it.

2026-04-18 12:29:18,354 | INFO     | httpx:_send_single_request:1773 - HTTP Request: POST http://test/api/v1/auth/login "HTTP/1.1 500 Internal Server Error"
2026-04-18 12:29:35,433 | ERROR    | app:dispatch:21 - Request failed: POST /api/v1/auth/register - Error: Error 10061 connecting to localhost:6379. No connection could be made because the target machine actively refused it.
2026-04-18 12:29:35,442 | ERROR    | app:dispatch:24 - Traceback (most recent call last):
  File "C:\Users\ASHROCK\AppData\Local\Programs\Python\Python312\Lib\site-packages\anyio\streams\memory.py", line 98, in receive
    return self.receive_nowait()
           ^^^^^^^^^^^^^^^^^^^^^
  File "C:\Users\ASHROCK\AppData\Local\Programs\Python\Python312\Lib\site-packages\anyio\streams\memory.py", line 93, in receive_nowait
    raise WouldBlock
anyio.WouldBlock

During handling of the above exception, another exception occurred:

Traceback (most recent call last):
  File "C:\Users\ASHROCK\AppData\Local\Programs\Python\Python312\Lib\site-packages\starlette\middleware\base.py", line 159, in call_next
    message = await recv_stream.receive()
              ^^^^^^^^^^^^^^^^^^^^^^^^^^^
  File "C:\Users\ASHROCK\AppData\Local\Programs\Python\Python312\Lib\site-packages\anyio\streams\memory.py", line 118, in receive
    raise EndOfStream
anyio.EndOfStream

During handling of the above exception, another exception occurred:

Traceback (most recent call last):
  File "C:\Users\ASHROCK\Desktop\Micro-SaaS\backend\app\api\middleware.py", line 15, in dispatch
    response = await call_next(request)
               ^^^^^^^^^^^^^^^^^^^^^^^^
  File "C:\Users\ASHROCK\AppData\Local\Programs\Python\Python312\Lib\site-packages\starlette\middleware\base.py", line 165, in call_next
    raise app_exc
  File "C:\Users\ASHROCK\AppData\Local\Programs\Python\Python312\Lib\site-packages\starlette\middleware\base.py", line 151, in coro
    await self.app(scope, receive_or_disconnect, send_no_error)
  File "C:\Users\ASHROCK\AppData\Local\Programs\Python\Python312\Lib\site-packages\starlette\middleware\exceptions.py", line 62, in __call__
    await wrap_app_handling_exceptions(self.app, conn)(scope, receive, send)
  File "C:\Users\ASHROCK\AppData\Local\Programs\Python\Python312\Lib\site-packages\starlette\_exception_handler.py", line 64, in wrapped_app
    raise exc
  File "C:\Users\ASHROCK\AppData\Local\Programs\Python\Python312\Lib\site-packages\starlette\_exception_handler.py", line 53, in wrapped_app
    await app(scope, receive, sender)
  File "C:\Users\ASHROCK\AppData\Local\Programs\Python\Python312\Lib\site-packages\starlette\routing.py", line 758, in __call__
    await self.middleware_stack(scope, receive, send)
  File "C:\Users\ASHROCK\AppData\Local\Programs\Python\Python312\Lib\site-packages\starlette\routing.py", line 778, in app
    await route.handle(scope, receive, send)
  File "C:\Users\ASHROCK\AppData\Local\Programs\Python\Python312\Lib\site-packages\starlette\routing.py", line 299, in handle
    await self.app(scope, receive, send)
  File "C:\Users\ASHROCK\AppData\Local\Programs\Python\Python312\Lib\site-packages\starlette\routing.py", line 79, in app
    await wrap_app_handling_exceptions(app, request)(scope, receive, send)
  File "C:\Users\ASHROCK\AppData\Local\Programs\Python\Python312\Lib\site-packages\starlette\_exception_handler.py", line 64, in wrapped_app
    raise exc
  File "C:\Users\ASHROCK\AppData\Local\Programs\Python\Python312\Lib\site-packages\starlette\_exception_handler.py", line 53, in wrapped_app
    await app(scope, receive, sender)
  File "C:\Users\ASHROCK\AppData\Local\Programs\Python\Python312\Lib\site-packages\starlette\routing.py", line 74, in app
    response = await func(request)
               ^^^^^^^^^^^^^^^^^^^
  File "C:\Users\ASHROCK\AppData\Local\Programs\Python\Python312\Lib\site-packages\fastapi\routing.py", line 278, in app
    raw_response = await run_endpoint_function(
                   ^^^^^^^^^^^^^^^^^^^^^^^^^^^^
  File "C:\Users\ASHROCK\AppData\Local\Programs\Python\Python312\Lib\site-packages\fastapi\routing.py", line 191, in run_endpoint_function
    return await dependant.call(**values)
           ^^^^^^^^^^^^^^^^^^^^^^^^^^^^^^
  File "C:\Users\ASHROCK\AppData\Local\Programs\Python\Python312\Lib\site-packages\slowapi\extension.py", line 732, in async_wrapper
    self._check_request_limit(request, func, False)
  File "C:\Users\ASHROCK\AppData\Local\Programs\Python\Python312\Lib\site-packages\slowapi\extension.py", line 630, in _check_request_limit
    self.__evaluate_limits(request, _endpoint_key, all_limits)
  File "C:\Users\ASHROCK\AppData\Local\Programs\Python\Python312\Lib\site-packages\slowapi\extension.py", line 509, in __evaluate_limits
    if not self.limiter.hit(lim.limit, *args, cost=cost):
           ^^^^^^^^^^^^^^^^^^^^^^^^^^^^^^^^^^^^^^^^^^^^^
  File "C:\Users\ASHROCK\AppData\Local\Programs\Python\Python312\Lib\site-packages\limits\strategies.py", line 138, in hit
    self.storage.incr(
  File "C:\Users\ASHROCK\AppData\Local\Programs\Python\Python312\Lib\site-packages\limits\storage\base.py", line 27, in inner
    return fn(*args, **kwargs)
           ^^^^^^^^^^^^^^^^^^^
  File "C:\Users\ASHROCK\AppData\Local\Programs\Python\Python312\Lib\site-packages\limits\storage\redis.py", line 209, in incr
    return int(self.lua_incr_expire([key], [expiry, amount]))
               ^^^^^^^^^^^^^^^^^^^^^^^^^^^^^^^^^^^^^^^^^^^^^
  File "C:\Users\ASHROCK\AppData\Local\Programs\Python\Python312\Lib\site-packages\redis\commands\core.py", line 5851, in __call__
    return client.evalsha(self.sha, len(keys), *args)
           ^^^^^^^^^^^^^^^^^^^^^^^^^^^^^^^^^^^^^^^^^^
  File "C:\Users\ASHROCK\AppData\Local\Programs\Python\Python312\Lib\site-packages\redis\commands\core.py", line 5238, in evalsha
    return self._evalsha("EVALSHA", sha, numkeys, *keys_and_args)
           ^^^^^^^^^^^^^^^^^^^^^^^^^^^^^^^^^^^^^^^^^^^^^^^^^^^^^^
  File "C:\Users\ASHROCK\AppData\Local\Programs\Python\Python312\Lib\site-packages\redis\commands\core.py", line 5222, in _evalsha
    return self.execute_command(command, sha, numkeys, *keys_and_args)
           ^^^^^^^^^^^^^^^^^^^^^^^^^^^^^^^^^^^^^^^^^^^^^^^^^^^^^^^^^^^
  File "C:\Users\ASHROCK\AppData\Local\Programs\Python\Python312\Lib\site-packages\redis\client.py", line 1266, in execute_command
    conn = self.connection or pool.get_connection(command_name, **options)
                              ^^^^^^^^^^^^^^^^^^^^^^^^^^^^^^^^^^^^^^^^^^^^
  File "C:\Users\ASHROCK\AppData\Local\Programs\Python\Python312\Lib\site-packages\redis\connection.py", line 1461, in get_connection
    connection.connect()
  File "C:\Users\ASHROCK\AppData\Local\Programs\Python\Python312\Lib\site-packages\redis\connection.py", line 713, in connect
    raise ConnectionError(self._error_message(e))
redis.exceptions.ConnectionError: Error 10061 connecting to localhost:6379. No connection could be made because the target machine actively refused it.

2026-04-18 12:29:35,442 | INFO     | httpx:_send_single_request:1773 - HTTP Request: POST http://test/api/v1/auth/register "HTTP/1.1 500 Internal Server Error"
2026-04-18 12:29:35,689 | INFO     | httpx:_send_single_request:1773 - HTTP Request: POST http://test/api/v1/auth/register "HTTP/1.1 422 Unprocessable Entity"
2026-04-18 12:29:39,751 | ERROR    | app:dispatch:21 - Request failed: POST /api/v1/auth/login - Error: Error 10061 connecting to localhost:6379. No connection could be made because the target machine actively refused it.
2026-04-18 12:29:39,755 | ERROR    | app:dispatch:24 - Traceback (most recent call last):
  File "C:\Users\ASHROCK\AppData\Local\Programs\Python\Python312\Lib\site-packages\anyio\streams\memory.py", line 98, in receive
    return self.receive_nowait()
           ^^^^^^^^^^^^^^^^^^^^^
  File "C:\Users\ASHROCK\AppData\Local\Programs\Python\Python312\Lib\site-packages\anyio\streams\memory.py", line 93, in receive_nowait
    raise WouldBlock
anyio.WouldBlock

During handling of the above exception, another exception occurred:

Traceback (most recent call last):
  File "C:\Users\ASHROCK\AppData\Local\Programs\Python\Python312\Lib\site-packages\starlette\middleware\base.py", line 159, in call_next
    message = await recv_stream.receive()
              ^^^^^^^^^^^^^^^^^^^^^^^^^^^
  File "C:\Users\ASHROCK\AppData\Local\Programs\Python\Python312\Lib\site-packages\anyio\streams\memory.py", line 118, in receive
    raise EndOfStream
anyio.EndOfStream

During handling of the above exception, another exception occurred:

Traceback (most recent call last):
  File "C:\Users\ASHROCK\Desktop\Micro-SaaS\backend\app\api\middleware.py", line 15, in dispatch
    response = await call_next(request)
               ^^^^^^^^^^^^^^^^^^^^^^^^
  File "C:\Users\ASHROCK\AppData\Local\Programs\Python\Python312\Lib\site-packages\starlette\middleware\base.py", line 165, in call_next
    raise app_exc
  File "C:\Users\ASHROCK\AppData\Local\Programs\Python\Python312\Lib\site-packages\starlette\middleware\base.py", line 151, in coro
    await self.app(scope, receive_or_disconnect, send_no_error)
  File "C:\Users\ASHROCK\AppData\Local\Programs\Python\Python312\Lib\site-packages\starlette\middleware\exceptions.py", line 62, in __call__
    await wrap_app_handling_exceptions(self.app, conn)(scope, receive, send)
  File "C:\Users\ASHROCK\AppData\Local\Programs\Python\Python312\Lib\site-packages\starlette\_exception_handler.py", line 64, in wrapped_app
    raise exc
  File "C:\Users\ASHROCK\AppData\Local\Programs\Python\Python312\Lib\site-packages\starlette\_exception_handler.py", line 53, in wrapped_app
    await app(scope, receive, sender)
  File "C:\Users\ASHROCK\AppData\Local\Programs\Python\Python312\Lib\site-packages\starlette\routing.py", line 758, in __call__
    await self.middleware_stack(scope, receive, send)
  File "C:\Users\ASHROCK\AppData\Local\Programs\Python\Python312\Lib\site-packages\starlette\routing.py", line 778, in app
    await route.handle(scope, receive, send)
  File "C:\Users\ASHROCK\AppData\Local\Programs\Python\Python312\Lib\site-packages\starlette\routing.py", line 299, in handle
    await self.app(scope, receive, send)
  File "C:\Users\ASHROCK\AppData\Local\Programs\Python\Python312\Lib\site-packages\starlette\routing.py", line 79, in app
    await wrap_app_handling_exceptions(app, request)(scope, receive, send)
  File "C:\Users\ASHROCK\AppData\Local\Programs\Python\Python312\Lib\site-packages\starlette\_exception_handler.py", line 64, in wrapped_app
    raise exc
  File "C:\Users\ASHROCK\AppData\Local\Programs\Python\Python312\Lib\site-packages\starlette\_exception_handler.py", line 53, in wrapped_app
    await app(scope, receive, sender)
  File "C:\Users\ASHROCK\AppData\Local\Programs\Python\Python312\Lib\site-packages\starlette\routing.py", line 74, in app
    response = await func(request)
               ^^^^^^^^^^^^^^^^^^^
  File "C:\Users\ASHROCK\AppData\Local\Programs\Python\Python312\Lib\site-packages\fastapi\routing.py", line 278, in app
    raw_response = await run_endpoint_function(
                   ^^^^^^^^^^^^^^^^^^^^^^^^^^^^
  File "C:\Users\ASHROCK\AppData\Local\Programs\Python\Python312\Lib\site-packages\fastapi\routing.py", line 191, in run_endpoint_function
    return await dependant.call(**values)
           ^^^^^^^^^^^^^^^^^^^^^^^^^^^^^^
  File "C:\Users\ASHROCK\AppData\Local\Programs\Python\Python312\Lib\site-packages\slowapi\extension.py", line 732, in async_wrapper
    self._check_request_limit(request, func, False)
  File "C:\Users\ASHROCK\AppData\Local\Programs\Python\Python312\Lib\site-packages\slowapi\extension.py", line 630, in _check_request_limit
    self.__evaluate_limits(request, _endpoint_key, all_limits)
  File "C:\Users\ASHROCK\AppData\Local\Programs\Python\Python312\Lib\site-packages\slowapi\extension.py", line 509, in __evaluate_limits
    if not self.limiter.hit(lim.limit, *args, cost=cost):
           ^^^^^^^^^^^^^^^^^^^^^^^^^^^^^^^^^^^^^^^^^^^^^
  File "C:\Users\ASHROCK\AppData\Local\Programs\Python\Python312\Lib\site-packages\limits\strategies.py", line 138, in hit
    self.storage.incr(
  File "C:\Users\ASHROCK\AppData\Local\Programs\Python\Python312\Lib\site-packages\limits\storage\base.py", line 27, in inner
    return fn(*args, **kwargs)
           ^^^^^^^^^^^^^^^^^^^
  File "C:\Users\ASHROCK\AppData\Local\Programs\Python\Python312\Lib\site-packages\limits\storage\redis.py", line 209, in incr
    return int(self.lua_incr_expire([key], [expiry, amount]))
               ^^^^^^^^^^^^^^^^^^^^^^^^^^^^^^^^^^^^^^^^^^^^^
  File "C:\Users\ASHROCK\AppData\Local\Programs\Python\Python312\Lib\site-packages\redis\commands\core.py", line 5851, in __call__
    return client.evalsha(self.sha, len(keys), *args)
           ^^^^^^^^^^^^^^^^^^^^^^^^^^^^^^^^^^^^^^^^^^
  File "C:\Users\ASHROCK\AppData\Local\Programs\Python\Python312\Lib\site-packages\redis\commands\core.py", line 5238, in evalsha
    return self._evalsha("EVALSHA", sha, numkeys, *keys_and_args)
           ^^^^^^^^^^^^^^^^^^^^^^^^^^^^^^^^^^^^^^^^^^^^^^^^^^^^^^
  File "C:\Users\ASHROCK\AppData\Local\Programs\Python\Python312\Lib\site-packages\redis\commands\core.py", line 5222, in _evalsha
    return self.execute_command(command, sha, numkeys, *keys_and_args)
           ^^^^^^^^^^^^^^^^^^^^^^^^^^^^^^^^^^^^^^^^^^^^^^^^^^^^^^^^^^^
  File "C:\Users\ASHROCK\AppData\Local\Programs\Python\Python312\Lib\site-packages\redis\client.py", line 1266, in execute_command
    conn = self.connection or pool.get_connection(command_name, **options)
                              ^^^^^^^^^^^^^^^^^^^^^^^^^^^^^^^^^^^^^^^^^^^^
  File "C:\Users\ASHROCK\AppData\Local\Programs\Python\Python312\Lib\site-packages\redis\connection.py", line 1461, in get_connection
    connection.connect()
  File "C:\Users\ASHROCK\AppData\Local\Programs\Python\Python312\Lib\site-packages\redis\connection.py", line 713, in connect
    raise ConnectionError(self._error_message(e))
redis.exceptions.ConnectionError: Error 10061 connecting to localhost:6379. No connection could be made because the target machine actively refused it.

2026-04-18 12:29:39,757 | INFO     | httpx:_send_single_request:1773 - HTTP Request: POST http://test/api/v1/auth/login "HTTP/1.1 500 Internal Server Error"
2026-04-18 12:29:39,766 | INFO     | httpx:_send_single_request:1773 - HTTP Request: POST http://test/api/v1/auth/register "HTTP/1.1 422 Unprocessable Entity"
2026-04-18 12:29:43,851 | ERROR    | app:dispatch:21 - Request failed: POST /api/v1/auth/login - Error: Error 10061 connecting to localhost:6379. No connection could be made because the target machine actively refused it.
2026-04-18 12:29:43,856 | ERROR    | app:dispatch:24 - Traceback (most recent call last):
  File "C:\Users\ASHROCK\AppData\Local\Programs\Python\Python312\Lib\site-packages\anyio\streams\memory.py", line 98, in receive
    return self.receive_nowait()
           ^^^^^^^^^^^^^^^^^^^^^
  File "C:\Users\ASHROCK\AppData\Local\Programs\Python\Python312\Lib\site-packages\anyio\streams\memory.py", line 93, in receive_nowait
    raise WouldBlock
anyio.WouldBlock

During handling of the above exception, another exception occurred:

Traceback (most recent call last):
  File "C:\Users\ASHROCK\AppData\Local\Programs\Python\Python312\Lib\site-packages\starlette\middleware\base.py", line 159, in call_next
    message = await recv_stream.receive()
              ^^^^^^^^^^^^^^^^^^^^^^^^^^^
  File "C:\Users\ASHROCK\AppData\Local\Programs\Python\Python312\Lib\site-packages\anyio\streams\memory.py", line 118, in receive
    raise EndOfStream
anyio.EndOfStream

During handling of the above exception, another exception occurred:

Traceback (most recent call last):
  File "C:\Users\ASHROCK\Desktop\Micro-SaaS\backend\app\api\middleware.py", line 15, in dispatch
    response = await call_next(request)
               ^^^^^^^^^^^^^^^^^^^^^^^^
  File "C:\Users\ASHROCK\AppData\Local\Programs\Python\Python312\Lib\site-packages\starlette\middleware\base.py", line 165, in call_next
    raise app_exc
  File "C:\Users\ASHROCK\AppData\Local\Programs\Python\Python312\Lib\site-packages\starlette\middleware\base.py", line 151, in coro
    await self.app(scope, receive_or_disconnect, send_no_error)
  File "C:\Users\ASHROCK\AppData\Local\Programs\Python\Python312\Lib\site-packages\starlette\middleware\exceptions.py", line 62, in __call__
    await wrap_app_handling_exceptions(self.app, conn)(scope, receive, send)
  File "C:\Users\ASHROCK\AppData\Local\Programs\Python\Python312\Lib\site-packages\starlette\_exception_handler.py", line 64, in wrapped_app
    raise exc
  File "C:\Users\ASHROCK\AppData\Local\Programs\Python\Python312\Lib\site-packages\starlette\_exception_handler.py", line 53, in wrapped_app
    await app(scope, receive, sender)
  File "C:\Users\ASHROCK\AppData\Local\Programs\Python\Python312\Lib\site-packages\starlette\routing.py", line 758, in __call__
    await self.middleware_stack(scope, receive, send)
  File "C:\Users\ASHROCK\AppData\Local\Programs\Python\Python312\Lib\site-packages\starlette\routing.py", line 778, in app
    await route.handle(scope, receive, send)
  File "C:\Users\ASHROCK\AppData\Local\Programs\Python\Python312\Lib\site-packages\starlette\routing.py", line 299, in handle
    await self.app(scope, receive, send)
  File "C:\Users\ASHROCK\AppData\Local\Programs\Python\Python312\Lib\site-packages\starlette\routing.py", line 79, in app
    await wrap_app_handling_exceptions(app, request)(scope, receive, send)
  File "C:\Users\ASHROCK\AppData\Local\Programs\Python\Python312\Lib\site-packages\starlette\_exception_handler.py", line 64, in wrapped_app
    raise exc
  File "C:\Users\ASHROCK\AppData\Local\Programs\Python\Python312\Lib\site-packages\starlette\_exception_handler.py", line 53, in wrapped_app
    await app(scope, receive, sender)
  File "C:\Users\ASHROCK\AppData\Local\Programs\Python\Python312\Lib\site-packages\starlette\routing.py", line 74, in app
    response = await func(request)
               ^^^^^^^^^^^^^^^^^^^
  File "C:\Users\ASHROCK\AppData\Local\Programs\Python\Python312\Lib\site-packages\fastapi\routing.py", line 278, in app
    raw_response = await run_endpoint_function(
                   ^^^^^^^^^^^^^^^^^^^^^^^^^^^^
  File "C:\Users\ASHROCK\AppData\Local\Programs\Python\Python312\Lib\site-packages\fastapi\routing.py", line 191, in run_endpoint_function
    return await dependant.call(**values)
           ^^^^^^^^^^^^^^^^^^^^^^^^^^^^^^
  File "C:\Users\ASHROCK\AppData\Local\Programs\Python\Python312\Lib\site-packages\slowapi\extension.py", line 732, in async_wrapper
    self._check_request_limit(request, func, False)
  File "C:\Users\ASHROCK\AppData\Local\Programs\Python\Python312\Lib\site-packages\slowapi\extension.py", line 630, in _check_request_limit
    self.__evaluate_limits(request, _endpoint_key, all_limits)
  File "C:\Users\ASHROCK\AppData\Local\Programs\Python\Python312\Lib\site-packages\slowapi\extension.py", line 509, in __evaluate_limits
    if not self.limiter.hit(lim.limit, *args, cost=cost):
           ^^^^^^^^^^^^^^^^^^^^^^^^^^^^^^^^^^^^^^^^^^^^^
  File "C:\Users\ASHROCK\AppData\Local\Programs\Python\Python312\Lib\site-packages\limits\strategies.py", line 138, in hit
    self.storage.incr(
  File "C:\Users\ASHROCK\AppData\Local\Programs\Python\Python312\Lib\site-packages\limits\storage\base.py", line 27, in inner
    return fn(*args, **kwargs)
           ^^^^^^^^^^^^^^^^^^^
  File "C:\Users\ASHROCK\AppData\Local\Programs\Python\Python312\Lib\site-packages\limits\storage\redis.py", line 209, in incr
    return int(self.lua_incr_expire([key], [expiry, amount]))
               ^^^^^^^^^^^^^^^^^^^^^^^^^^^^^^^^^^^^^^^^^^^^^
  File "C:\Users\ASHROCK\AppData\Local\Programs\Python\Python312\Lib\site-packages\redis\commands\core.py", line 5851, in __call__
    return client.evalsha(self.sha, len(keys), *args)
           ^^^^^^^^^^^^^^^^^^^^^^^^^^^^^^^^^^^^^^^^^^
  File "C:\Users\ASHROCK\AppData\Local\Programs\Python\Python312\Lib\site-packages\redis\commands\core.py", line 5238, in evalsha
    return self._evalsha("EVALSHA", sha, numkeys, *keys_and_args)
           ^^^^^^^^^^^^^^^^^^^^^^^^^^^^^^^^^^^^^^^^^^^^^^^^^^^^^^
  File "C:\Users\ASHROCK\AppData\Local\Programs\Python\Python312\Lib\site-packages\redis\commands\core.py", line 5222, in _evalsha
    return self.execute_command(command, sha, numkeys, *keys_and_args)
           ^^^^^^^^^^^^^^^^^^^^^^^^^^^^^^^^^^^^^^^^^^^^^^^^^^^^^^^^^^^
  File "C:\Users\ASHROCK\AppData\Local\Programs\Python\Python312\Lib\site-packages\redis\client.py", line 1266, in execute_command
    conn = self.connection or pool.get_connection(command_name, **options)
                              ^^^^^^^^^^^^^^^^^^^^^^^^^^^^^^^^^^^^^^^^^^^^
  File "C:\Users\ASHROCK\AppData\Local\Programs\Python\Python312\Lib\site-packages\redis\connection.py", line 1461, in get_connection
    connection.connect()
  File "C:\Users\ASHROCK\AppData\Local\Programs\Python\Python312\Lib\site-packages\redis\connection.py", line 713, in connect
    raise ConnectionError(self._error_message(e))
redis.exceptions.ConnectionError: Error 10061 connecting to localhost:6379. No connection could be made because the target machine actively refused it.

2026-04-18 12:29:43,857 | INFO     | httpx:_send_single_request:1773 - HTTP Request: POST http://test/api/v1/auth/login "HTTP/1.1 500 Internal Server Error"
2026-04-18 12:30:01,390 | WARNING  | arq.connections:create_pool:284 - redis connection error localhost:6379 TimeoutError Timeout connecting to server, 5 retries remaining...
2026-04-18 12:30:03,406 | WARNING  | arq.connections:create_pool:284 - redis connection error localhost:6379 TimeoutError Timeout connecting to server, 4 retries remaining...
2026-04-18 12:30:05,428 | WARNING  | arq.connections:create_pool:284 - redis connection error localhost:6379 TimeoutError Timeout connecting to server, 3 retries remaining...
2026-04-18 12:30:07,427 | WARNING  | arq.connections:create_pool:284 - redis connection error localhost:6379 TimeoutError Timeout connecting to server, 2 retries remaining...
2026-04-18 12:30:09,438 | WARNING  | arq.connections:create_pool:284 - redis connection error localhost:6379 TimeoutError Timeout connecting to server, 1 retries remaining...
2026-04-18 12:30:11,484 | INFO     | httpx:_send_single_request:1773 - HTTP Request: POST http://test/api/v1/auth/register "HTTP/1.1 201 Created"
2026-04-18 12:30:11,493 | INFO     | httpx:_send_single_request:1773 - HTTP Request: POST http://test/api/v1/auth/register "HTTP/1.1 422 Unprocessable Entity"
2026-04-18 12:30:11,505 | INFO     | httpx:_send_single_request:1773 - HTTP Request: POST http://test/api/v1/auth/login "HTTP/1.1 401 Unauthorized"
2026-04-18 12:30:11,739 | INFO     | httpx:_send_single_request:1773 - HTTP Request: POST http://test/api/v1/auth/register "HTTP/1.1 422 Unprocessable Entity"
2026-04-18 12:30:11,747 | INFO     | httpx:_send_single_request:1773 - HTTP Request: POST http://test/api/v1/auth/login "HTTP/1.1 401 Unauthorized"
